<?xml version="1.0" encoding="UTF-8"?>
<!-- Generated by org.testng.reporters.JUnitXMLReporter -->
<testsuite hostname="admin-PC" ignored="0" name="Default test" tests="3" failures="0" timestamp="11 Jan 2019 09:19:29 GMT" time="51.071" errors="0">
  <testcase name="verifyHomePageTitleTest" time="0.042" classname="com.crm.qa.testcases.HomePageTest"/>
  <testcase name="verifyUsernameTest" time="0.183" classname="com.crm.qa.testcases.HomePageTest"/>
  <testcase name="verifyContactsLinkTest" time="2.223" classname="com.crm.qa.testcases.HomePageTest"/>
</testsuite> <!-- Default test -->
